<?xml version="1.0" encoding="UTF-8"?>
<!-- Generated by org.testng.reporters.JUnitXMLReporter -->
<testsuite hostname="PC207713" name="Command line test" tests="1" failures="0" timestamp="15 Jul 2015 10:54:51 GMT" time="64.33" errors="0">
  <testcase name="@BeforeMethod preCondition" time="0.0" classname="com.email.scripts.PasswordReset">
    <failure type="org.openqa.selenium.WebDriverException" message="Failed to connect to binary FirefoxBinary(C:\Program Files\Mozilla Firefox\firefox.exe) on port 7055; process output follows: 
BUG	checkForChanges
1436957648852	addons.xpi	DEBUG	Loaded add-on state from prefs: {&amp;quot;app-profile&amp;quot;:{&amp;quot;fxdriver@googlecode.com&amp;quot;:{&amp;quot;d&amp;quot;:&amp;quot;C:\\Users\\266241\\AppData\\Local\\Temp\\anonymous4078652558270429178webdriver-profile\\extensions\\fxdriver@googlecode.com&amp;quot;,&amp;quot;e&amp;quot;:true,&amp;quot;v&amp;quot;:&amp;quot;2.44.0&amp;quot;,&amp;quot;st&amp;quot;:1436957629927,&amp;quot;mt&amp;quot;:1436957629557}},&amp;quot;app-global&amp;quot;:{&amp;quot;{972ce4c6-7e08-4474-a285-3208198ce6fd}&amp;quot;:{&amp;quot;d&amp;quot;:&amp;quot;C:\\Program Files\\Mozilla Firefox\\browser\\extensions\\{972ce4c6-7e08-4474-a285-3208198ce6fd}&amp;quot;,&amp;quot;e&amp;quot;:true,&amp;quot;v&amp;quot;:&amp;quot;39.0&amp;quot;,&amp;quot;st&amp;quot;:1435915185598,&amp;quot;mt&amp;quot;:1435915184948}},&amp;quot;winreg-app-global&amp;quot;:{&amp;quot;{D19CA586-DD6C-4a0a-96F8-14644F340D60}&amp;quot;:{&amp;quot;d&amp;quot;:&amp;quot;C:\\Program Files\\Common Files\\McAfee\\SystemCore&amp;quot;,&amp;quot;e&amp;quot;:false,&amp;quot;v&amp;quot;:&amp;quot;15.1.0&amp;quot;,&amp;quot;st&amp;quot;:1436929502573,&amp;quot;mt&amp;quot;:1431604857077},&amp;quot;{9F17B1A2-7317-49ef-BCB7-7BB47BDE10F8}&amp;quot;:{&amp;quot;d&amp;quot;:&amp;quot;C:\\Program Files\\HP\\Unified Functional Testing\\\\bin\\Mozilla\\Common&amp;quot;,&amp;quot;e&amp;quot;:false,&amp;quot;v&amp;quot;:&amp;quot;11.50&amp;quot;,&amp;quot;st&amp;quot;:1431692188849,&amp;quot;mt&amp;quot;:1346917941000}}}
1436957648853	addons.xpi	DEBUG	getModTime: Recursive scan of fxdriver@googlecode.com
1436957648867	addons.xpi	DEBUG	getModTime: Recursive scan of {972ce4c6-7e08-4474-a285-3208198ce6fd}
1436957648869	addons.xpi	DEBUG	getInstallState changed: false, state: {&amp;quot;app-profile&amp;quot;:{&amp;quot;fxdriver@googlecode.com&amp;quot;:{&amp;quot;d&amp;quot;:&amp;quot;C:\\Users\\266241\\AppData\\Local\\Temp\\anonymous4078652558270429178webdriver-profile\\extensions\\fxdriver@googlecode.com&amp;quot;,&amp;quot;e&amp;quot;:true,&amp;quot;v&amp;quot;:&amp;quot;2.44.0&amp;quot;,&amp;quot;st&amp;quot;:1436957629927,&amp;quot;mt&amp;quot;:1436957629557}},&amp;quot;app-global&amp;quot;:{&amp;quot;{972ce4c6-7e08-4474-a285-3208198ce6fd}&amp;quot;:{&amp;quot;d&amp;quot;:&amp;quot;C:\\Program Files\\Mozilla Firefox\\browser\\extensions\\{972ce4c6-7e08-4474-a285-3208198ce6fd}&amp;quot;,&amp;quot;e&amp;quot;:true,&amp;quot;v&amp;quot;:&amp;quot;39.0&amp;quot;,&amp;quot;st&amp;quot;:1435915185598,&amp;quot;mt&amp;quot;:1435915184948}},&amp;quot;winreg-app-global&amp;quot;:{&amp;quot;{D19CA586-DD6C-4a0a-96F8-14644F340D60}&amp;quot;:{&amp;quot;d&amp;quot;:&amp;quot;C:\\Program Files\\Common Files\\McAfee\\SystemCore&amp;quot;,&amp;quot;e&amp;quot;:false,&amp;quot;v&amp;quot;:&amp;quot;15.1.0&amp;quot;,&amp;quot;st&amp;quot;:1436929502573,&amp;quot;mt&amp;quot;:1431604857077},&amp;quot;{9F17B1A2-7317-49ef-BCB7-7BB47BDE10F8}&amp;quot;:{&amp;quot;d&amp;quot;:&amp;quot;C:\\Program Files\\HP\\Unified Functional Testing\\\\bin\\Mozilla\\Common&amp;quot;,&amp;quot;e&amp;quot;:false,&amp;quot;v&amp;quot;:&amp;quot;11.50&amp;quot;,&amp;quot;st&amp;quot;:1431692188849,&amp;quot;mt&amp;quot;:1346917941000}}}
1436957648871	addons.xpi	DEBUG	No changes found
1436957648921	addons.manager	DEBUG	Registering shutdown blocker for XPIProvider
1436957648922	addons.manager	DEBUG	Provider finished startup: XPIProvider
1436957648922	addons.manager	DEBUG	Starting provider: LightweightThemeManager
1436957648922	addons.manager	DEBUG	Registering shutdown blocker for LightweightThemeManager
1436957648922	addons.manager	DEBUG	Provider finished startup: LightweightThemeManager
1436957648923	addons.manager	DEBUG	Starting provider: GMPProvider
1436957648928	addons.manager	DEBUG	Registering shutdown blocker for GMPProvider
1436957648929	addons.manager	DEBUG	Provider finished startup: GMPProvider
1436957648929	addons.manager	DEBUG	Starting provider: PluginProvider
1436957648929	addons.manager	DEBUG	Registering shutdown blocker for PluginProvider
1436957648930	addons.manager	DEBUG	Provider finished startup: PluginProvider
1436957648930	addons.manager	DEBUG	Completed startup sequence
1436957649989	addons.xpi-utils	DEBUG	Starting async load of XPI database C:\Users\266241\AppData\Local\Temp\anonymous4078652558270429178webdriver-profile\extensions.json
1436957650034	addons.manager	DEBUG	Starting provider: &amp;lt;unnamed-provider&amp;gt;
1436957650034	addons.manager	DEBUG	Registering shutdown blocker for &amp;lt;unnamed-provider&amp;gt;
1436957650035	addons.manager	DEBUG	Provider finished startup: &amp;lt;unnamed-provider&amp;gt;
1436957651496	addons.xpi-utils	DEBUG	Async JSON file read took 0 MS
1436957651496	addons.xpi-utils	DEBUG	Finished async read of XPI database, parsing...
1436957651497	addons.xpi-utils	DEBUG	Successfully read XPI database
*** Blocklist::_loadBlocklistFromFile: blocklist is disabled
JavaScript error: file:///C:/Users/266241/AppData/Local/Temp/anonymous4078652558270429178webdriver-profile/extensions/fxdriver@googlecode.com/components/driver-component.js, line 11487: TypeError: this.server_ is undefined
JavaScript error: chrome://fxdriver/content/server.js, line 38: NS_ERROR_XPC_CI_RETURNED_FAILURE: Component returned failure code: 0x80570015 (NS_ERROR_XPC_CI_RETURNED_FAILURE) [nsIJSCID.createInstance]

Build info: version: &amp;apos;2.44.0&amp;apos;, revision: &amp;apos;76d78cf&amp;apos;, time: &amp;apos;2014-10-23 20:02:37&amp;apos;
System info: host: &amp;apos;PC207713&amp;apos;, ip: &amp;apos;10.236.226.237&amp;apos;, os.name: &amp;apos;Windows 7&amp;apos;, os.arch: &amp;apos;x86&amp;apos;, os.version: &amp;apos;6.1&amp;apos;, java.version: &amp;apos;1.8.0_51&amp;apos;
Driver info: driver.version: FirefoxDriver">
      <![CDATA[org.openqa.selenium.WebDriverException: Failed to connect to binary FirefoxBinary(C:\Program Files\Mozilla Firefox\firefox.exe) on port 7055; process output follows: 
BUG	checkForChanges
1436957648852	addons.xpi	DEBUG	Loaded add-on state from prefs: {"app-profile":{"fxdriver@googlecode.com":{"d":"C:\\Users\\266241\\AppData\\Local\\Temp\\anonymous4078652558270429178webdriver-profile\\extensions\\fxdriver@googlecode.com","e":true,"v":"2.44.0","st":1436957629927,"mt":1436957629557}},"app-global":{"{972ce4c6-7e08-4474-a285-3208198ce6fd}":{"d":"C:\\Program Files\\Mozilla Firefox\\browser\\extensions\\{972ce4c6-7e08-4474-a285-3208198ce6fd}","e":true,"v":"39.0","st":1435915185598,"mt":1435915184948}},"winreg-app-global":{"{D19CA586-DD6C-4a0a-96F8-14644F340D60}":{"d":"C:\\Program Files\\Common Files\\McAfee\\SystemCore","e":false,"v":"15.1.0","st":1436929502573,"mt":1431604857077},"{9F17B1A2-7317-49ef-BCB7-7BB47BDE10F8}":{"d":"C:\\Program Files\\HP\\Unified Functional Testing\\\\bin\\Mozilla\\Common","e":false,"v":"11.50","st":1431692188849,"mt":1346917941000}}}
1436957648853	addons.xpi	DEBUG	getModTime: Recursive scan of fxdriver@googlecode.com
1436957648867	addons.xpi	DEBUG	getModTime: Recursive scan of {972ce4c6-7e08-4474-a285-3208198ce6fd}
1436957648869	addons.xpi	DEBUG	getInstallState changed: false, state: {"app-profile":{"fxdriver@googlecode.com":{"d":"C:\\Users\\266241\\AppData\\Local\\Temp\\anonymous4078652558270429178webdriver-profile\\extensions\\fxdriver@googlecode.com","e":true,"v":"2.44.0","st":1436957629927,"mt":1436957629557}},"app-global":{"{972ce4c6-7e08-4474-a285-3208198ce6fd}":{"d":"C:\\Program Files\\Mozilla Firefox\\browser\\extensions\\{972ce4c6-7e08-4474-a285-3208198ce6fd}","e":true,"v":"39.0","st":1435915185598,"mt":1435915184948}},"winreg-app-global":{"{D19CA586-DD6C-4a0a-96F8-14644F340D60}":{"d":"C:\\Program Files\\Common Files\\McAfee\\SystemCore","e":false,"v":"15.1.0","st":1436929502573,"mt":1431604857077},"{9F17B1A2-7317-49ef-BCB7-7BB47BDE10F8}":{"d":"C:\\Program Files\\HP\\Unified Functional Testing\\\\bin\\Mozilla\\Common","e":false,"v":"11.50","st":1431692188849,"mt":1346917941000}}}
1436957648871	addons.xpi	DEBUG	No changes found
1436957648921	addons.manager	DEBUG	Registering shutdown blocker for XPIProvider
1436957648922	addons.manager	DEBUG	Provider finished startup: XPIProvider
1436957648922	addons.manager	DEBUG	Starting provider: LightweightThemeManager
1436957648922	addons.manager	DEBUG	Registering shutdown blocker for LightweightThemeManager
1436957648922	addons.manager	DEBUG	Provider finished startup: LightweightThemeManager
1436957648923	addons.manager	DEBUG	Starting provider: GMPProvider
1436957648928	addons.manager	DEBUG	Registering shutdown blocker for GMPProvider
1436957648929	addons.manager	DEBUG	Provider finished startup: GMPProvider
1436957648929	addons.manager	DEBUG	Starting provider: PluginProvider
1436957648929	addons.manager	DEBUG	Registering shutdown blocker for PluginProvider
1436957648930	addons.manager	DEBUG	Provider finished startup: PluginProvider
1436957648930	addons.manager	DEBUG	Completed startup sequence
1436957649989	addons.xpi-utils	DEBUG	Starting async load of XPI database C:\Users\266241\AppData\Local\Temp\anonymous4078652558270429178webdriver-profile\extensions.json
1436957650034	addons.manager	DEBUG	Starting provider: <unnamed-provider>
1436957650034	addons.manager	DEBUG	Registering shutdown blocker for <unnamed-provider>
1436957650035	addons.manager	DEBUG	Provider finished startup: <unnamed-provider>
1436957651496	addons.xpi-utils	DEBUG	Async JSON file read took 0 MS
1436957651496	addons.xpi-utils	DEBUG	Finished async read of XPI database, parsing...
1436957651497	addons.xpi-utils	DEBUG	Successfully read XPI database
*** Blocklist::_loadBlocklistFromFile: blocklist is disabled
JavaScript error: file:///C:/Users/266241/AppData/Local/Temp/anonymous4078652558270429178webdriver-profile/extensions/fxdriver@googlecode.com/components/driver-component.js, line 11487: TypeError: this.server_ is undefined
JavaScript error: chrome://fxdriver/content/server.js, line 38: NS_ERROR_XPC_CI_RETURNED_FAILURE: Component returned failure code: 0x80570015 (NS_ERROR_XPC_CI_RETURNED_FAILURE) [nsIJSCID.createInstance]

Build info: version: '2.44.0', revision: '76d78cf', time: '2014-10-23 20:02:37'
System info: host: 'PC207713', ip: '10.236.226.237', os.name: 'Windows 7', os.arch: 'x86', os.version: '6.1', java.version: '1.8.0_51'
Driver info: driver.version: FirefoxDriver
	at org.openqa.selenium.firefox.internal.NewProfileExtensionConnection.start(NewProfileExtensionConnection.java:130)
	at org.openqa.selenium.firefox.FirefoxDriver.startClient(FirefoxDriver.java:246)
	at org.openqa.selenium.remote.RemoteWebDriver.<init>(RemoteWebDriver.java:114)
	at org.openqa.selenium.firefox.FirefoxDriver.<init>(FirefoxDriver.java:193)
	at org.openqa.selenium.firefox.FirefoxDriver.<init>(FirefoxDriver.java:186)
	at org.openqa.selenium.firefox.FirefoxDriver.<init>(FirefoxDriver.java:182)
	at org.openqa.selenium.firefox.FirefoxDriver.<init>(FirefoxDriver.java:95)
	at com.email.scripts.iREPSuperTestNG.preCondition(iREPSuperTestNG.java:17)
	at com.email.scripts.Main$1.actionPerformed(Main.java:40)
	at javax.swing.AbstractButton.fireActionPerformed(Unknown Source)
	at javax.swing.AbstractButton$Handler.actionPerformed(Unknown Source)
	at javax.swing.DefaultButtonModel.fireActionPerformed(Unknown Source)
	at javax.swing.DefaultButtonModel.setPressed(Unknown Source)
	at javax.swing.plaf.basic.BasicButtonListener.mouseReleased(Unknown Source)
	at java.awt.Component.processMouseEvent(Unknown Source)
	at javax.swing.JComponent.processMouseEvent(Unknown Source)
	at java.awt.Component.processEvent(Unknown Source)
	at java.awt.Container.processEvent(Unknown Source)
	at java.awt.Component.dispatchEventImpl(Unknown Source)
	at java.awt.Container.dispatchEventImpl(Unknown Source)
	at java.awt.Component.dispatchEvent(Unknown Source)
	at java.awt.LightweightDispatcher.retargetMouseEvent(Unknown Source)
	at java.awt.LightweightDispatcher.processMouseEvent(Unknown Source)
	at java.awt.LightweightDispatcher.dispatchEvent(Unknown Source)
	at java.awt.Container.dispatchEventImpl(Unknown Source)
	at java.awt.Window.dispatchEventImpl(Unknown Source)
	at java.awt.Component.dispatchEvent(Unknown Source)
	at java.awt.EventQueue.dispatchEventImpl(Unknown Source)
	at java.awt.EventQueue.access$500(Unknown Source)
	at java.awt.EventQueue$3.run(Unknown Source)
	at java.awt.EventQueue$3.run(Unknown Source)
	at java.security.AccessController.doPrivileged(Native Method)
	at java.security.ProtectionDomain$1.doIntersectionPrivilege(Unknown Source)
	at java.security.ProtectionDomain$1.doIntersectionPrivilege(Unknown Source)
	at java.awt.EventQueue$4.run(Unknown Source)
	at java.awt.EventQueue$4.run(Unknown Source)
	at java.security.AccessController.doPrivileged(Native Method)
	at java.security.ProtectionDomain$1.doIntersectionPrivilege(Unknown Source)
	at java.awt.EventQueue.dispatchEvent(Unknown Source)
	at java.awt.EventDispatchThread.pumpOneEventForFilters(Unknown Source)
	at java.awt.EventDispatchThread.pumpEventsForFilter(Unknown Source)
	at java.awt.EventDispatchThread.pumpEventsForHierarchy(Unknown Source)
	at java.awt.EventDispatchThread.pumpEvents(Unknown Source)
	at java.awt.EventDispatchThread.pumpEvents(Unknown Source)
	at java.awt.EventDispatchThread.run(Unknown Source)
Caused by: org.openqa.selenium.firefox.NotConnectedException: Unable to connect to host 127.0.0.1 on port 7055 after 45000 ms. Firefox console output:
BUG	checkForChanges
1436957648852	addons.xpi	DEBUG	Loaded add-on state from prefs: {"app-profile":{"fxdriver@googlecode.com":{"d":"C:\\Users\\266241\\AppData\\Local\\Temp\\anonymous4078652558270429178webdriver-profile\\extensions\\fxdriver@googlecode.com","e":true,"v":"2.44.0","st":1436957629927,"mt":1436957629557}},"app-global":{"{972ce4c6-7e08-4474-a285-3208198ce6fd}":{"d":"C:\\Program Files\\Mozilla Firefox\\browser\\extensions\\{972ce4c6-7e08-4474-a285-3208198ce6fd}","e":true,"v":"39.0","st":1435915185598,"mt":1435915184948}},"winreg-app-global":{"{D19CA586-DD6C-4a0a-96F8-14644F340D60}":{"d":"C:\\Program Files\\Common Files\\McAfee\\SystemCore","e":false,"v":"15.1.0","st":1436929502573,"mt":1431604857077},"{9F17B1A2-7317-49ef-BCB7-7BB47BDE10F8}":{"d":"C:\\Program Files\\HP\\Unified Functional Testing\\\\bin\\Mozilla\\Common","e":false,"v":"11.50","st":1431692188849,"mt":1346917941000}}}
1436957648853	addons.xpi	DEBUG	getModTime: Recursive scan of fxdriver@googlecode.com
1436957648867	addons.xpi	DEBUG	getModTime: Recursive scan of {972ce4c6-7e08-4474-a285-3208198ce6fd}
1436957648869	addons.xpi	DEBUG	getInstallState changed: false, state: {"app-profile":{"fxdriver@googlecode.com":{"d":"C:\\Users\\266241\\AppData\\Local\\Temp\\anonymous4078652558270429178webdriver-profile\\extensions\\fxdriver@googlecode.com","e":true,"v":"2.44.0","st":1436957629927,"mt":1436957629557}},"app-global":{"{972ce4c6-7e08-4474-a285-3208198ce6fd}":{"d":"C:\\Program Files\\Mozilla Firefox\\browser\\extensions\\{972ce4c6-7e08-4474-a285-3208198ce6fd}","e":true,"v":"39.0","st":1435915185598,"mt":1435915184948}},"winreg-app-global":{"{D19CA586-DD6C-4a0a-96F8-14644F340D60}":{"d":"C:\\Program Files\\Common Files\\McAfee\\SystemCore","e":false,"v":"15.1.0","st":1436929502573,"mt":1431604857077},"{9F17B1A2-7317-49ef-BCB7-7BB47BDE10F8}":{"d":"C:\\Program Files\\HP\\Unified Functional Testing\\\\bin\\Mozilla\\Common","e":false,"v":"11.50","st":1431692188849,"mt":1346917941000}}}
1436957648871	addons.xpi	DEBUG	No changes found
1436957648921	addons.manager	DEBUG	Registering shutdown blocker for XPIProvider
1436957648922	addons.manager	DEBUG	Provider finished startup: XPIProvider
1436957648922	addons.manager	DEBUG	Starting provider: LightweightThemeManager
1436957648922	addons.manager	DEBUG	Registering shutdown blocker for LightweightThemeManager
1436957648922	addons.manager	DEBUG	Provider finished startup: LightweightThemeManager
1436957648923	addons.manager	DEBUG	Starting provider: GMPProvider
1436957648928	addons.manager	DEBUG	Registering shutdown blocker for GMPProvider
1436957648929	addons.manager	DEBUG	Provider finished startup: GMPProvider
1436957648929	addons.manager	DEBUG	Starting provider: PluginProvider
1436957648929	addons.manager	DEBUG	Registering shutdown blocker for PluginProvider
1436957648930	addons.manager	DEBUG	Provider finished startup: PluginProvider
1436957648930	addons.manager	DEBUG	Completed startup sequence
1436957649989	addons.xpi-utils	DEBUG	Starting async load of XPI database C:\Users\266241\AppData\Local\Temp\anonymous4078652558270429178webdriver-profile\extensions.json
1436957650034	addons.manager	DEBUG	Starting provider: <unnamed-provider>
1436957650034	addons.manager	DEBUG	Registering shutdown blocker for <unnamed-provider>
1436957650035	addons.manager	DEBUG	Provider finished startup: <unnamed-provider>
1436957651496	addons.xpi-utils	DEBUG	Async JSON file read took 0 MS
1436957651496	addons.xpi-utils	DEBUG	Finished async read of XPI database, parsing...
1436957651497	addons.xpi-utils	DEBUG	Successfully read XPI database
*** Blocklist::_loadBlocklistFromFile: blocklist is disabled
JavaScript error: file:///C:/Users/266241/AppData/Local/Temp/anonymous4078652558270429178webdriver-profile/extensions/fxdriver@googlecode.com/components/driver-component.js, line 11487: TypeError: this.server_ is undefined
JavaScript error: chrome://fxdriver/content/server.js, line 38: NS_ERROR_XPC_CI_RETURNED_FAILURE: Component returned failure code: 0x80570015 (NS_ERROR_XPC_CI_RETURNED_FAILURE) [nsIJSCID.createInstance]

	at org.openqa.selenium.firefox.internal.NewProfileExtensionConnection.start(NewProfileExtensionConnection.java:118)
	... 67 more
... Removed 23 stack frames]]>
    </failure>
  </testcase> <!-- @BeforeMethod preCondition -->
  <testcase name="testPasswordReset" time="0.0" classname="com.email.scripts.PasswordReset">
    <skipped/>
  </testcase> <!-- testPasswordReset -->
</testsuite> <!-- Command line test -->
