<?xml version="1.0" encoding="UTF-8"?>
<testng-results skipped="0" failed="0" total="1" passed="1">
  <reporter-output>
  </reporter-output>
  <suite name="Default suite" duration-ms="2348455" started-at="2015-01-09T09:58:58Z" finished-at="2015-01-09T10:38:06Z">
    <groups>
    </groups>
    <test name="Default test" duration-ms="2348455" started-at="2015-01-09T09:58:58Z" finished-at="2015-01-09T10:38:06Z">
      <class name="com.email.scripts.PasswordReset">
        <test-method status="PASS" signature="preCondition()[pri:0, instance:com.email.scripts.PasswordReset@334bfe]" name="preCondition" is-config="true" duration-ms="24807" started-at="2015-01-09T15:28:58Z" finished-at="2015-01-09T15:29:22Z">
          <reporter-output>
          </reporter-output>
        </test-method> <!-- preCondition -->
        <test-method status="PASS" signature="testPasswordReset()[pri:0, instance:com.email.scripts.PasswordReset@334bfe]" name="testPasswordReset" duration-ms="2322945" started-at="2015-01-09T15:29:22Z" finished-at="2015-01-09T16:08:05Z">
          <reporter-output>
          </reporter-output>
        </test-method> <!-- testPasswordReset -->
      </class> <!-- com.email.scripts.PasswordReset -->
    </test> <!-- Default test -->
  </suite> <!-- Default suite -->
</testng-results>
