<?xml version="1.0" encoding="UTF-8"?>
<testng-results skipped="0" failed="0" total="1" passed="1">
  <reporter-output>
  </reporter-output>
  <suite name="Default suite" duration-ms="91155" started-at="2014-12-09T17:54:39Z" finished-at="2014-12-09T17:56:10Z">
    <groups>
    </groups>
    <test name="Default test" duration-ms="91155" started-at="2014-12-09T17:54:39Z" finished-at="2014-12-09T17:56:10Z">
      <class name="com.email.scripts.PasswordReset">
        <test-method status="PASS" signature="preCondition()[pri:0, instance:com.email.scripts.PasswordReset@2d6a9952]" name="preCondition" is-config="true" duration-ms="15040" started-at="2014-12-09T23:24:39Z" finished-at="2014-12-09T23:24:54Z">
          <reporter-output>
          </reporter-output>
        </test-method> <!-- preCondition -->
        <test-method status="PASS" signature="testPasswordReset()[pri:0, instance:com.email.scripts.PasswordReset@2d6a9952]" name="testPasswordReset" duration-ms="76067" started-at="2014-12-09T23:24:54Z" finished-at="2014-12-09T23:26:10Z">
          <reporter-output>
          </reporter-output>
        </test-method> <!-- testPasswordReset -->
      </class> <!-- com.email.scripts.PasswordReset -->
    </test> <!-- Default test -->
  </suite> <!-- Default suite -->
</testng-results>
