<?xml version="1.0" encoding="UTF-8"?>
<testng-results skipped="0" failed="0" total="1" passed="1">
  <reporter-output>
  </reporter-output>
  <suite name="Default suite" duration-ms="32550" started-at="2015-07-15T11:24:16Z" finished-at="2015-07-15T11:24:48Z">
    <groups>
    </groups>
    <test name="Default test" duration-ms="32550" started-at="2015-07-15T11:24:16Z" finished-at="2015-07-15T11:24:48Z">
      <class name="com.email.scripts.PasswordReset">
        <test-method status="PASS" signature="preCondition()[pri:0, instance:com.email.scripts.PasswordReset@1fe5c6f]" name="preCondition" is-config="true" duration-ms="32195" started-at="2015-07-15T16:54:16Z" finished-at="2015-07-15T16:54:48Z">
          <reporter-output>
          </reporter-output>
        </test-method> <!-- preCondition -->
        <test-method status="PASS" signature="testPasswordReset()[pri:0, instance:com.email.scripts.PasswordReset@1fe5c6f]" name="testPasswordReset" duration-ms="326" started-at="2015-07-15T16:54:48Z" finished-at="2015-07-15T16:54:48Z">
          <reporter-output>
          </reporter-output>
        </test-method> <!-- testPasswordReset -->
      </class> <!-- com.email.scripts.PasswordReset -->
    </test> <!-- Default test -->
  </suite> <!-- Default suite -->
</testng-results>
